<?xml version="1.0" encoding="UTF-8"?>
<testng-results ignored="0" total="1" passed="1" failed="0" skipped="0">
  <reporter-output>
  </reporter-output>
  <suite started-at="2025-03-02T23:39:17 GMT-08:00" name="Default suite" finished-at="2025-03-02T23:39:31 GMT-08:00" duration-ms="13675">
    <groups>
    </groups>
    <test started-at="2025-03-02T23:39:17 GMT-08:00" name="Default test" finished-at="2025-03-02T23:39:31 GMT-08:00" duration-ms="13675">
      <class name="DemoSelenium.TestLoginpage">
        <test-method is-config="true" signature="main()[pri:0, instance:DemoSelenium.TestLoginpage@481a996b]" started-at="2025-03-02T23:39:17 GMT-08:00" name="main" finished-at="2025-03-02T23:39:26 GMT-08:00" duration-ms="8969" status="PASS">
          <reporter-output>
          </reporter-output>
        </test-method> <!-- main -->
        <test-method signature="TestLogin()[pri:0, instance:DemoSelenium.TestLoginpage@481a996b]" started-at="2025-03-02T23:39:26 GMT-08:00" name="TestLogin" finished-at="2025-03-02T23:39:31 GMT-08:00" duration-ms="4586" status="PASS">
          <reporter-output>
          </reporter-output>
        </test-method> <!-- TestLogin -->
        <test-method is-config="true" signature="Taredown()[pri:0, instance:DemoSelenium.TestLoginpage@481a996b]" started-at="2025-03-02T23:39:31 GMT-08:00" name="Taredown" finished-at="2025-03-02T23:39:31 GMT-08:00" duration-ms="93" status="PASS">
          <reporter-output>
          </reporter-output>
        </test-method> <!-- Taredown -->
      </class> <!-- DemoSelenium.TestLoginpage -->
    </test> <!-- Default test -->
  </suite> <!-- Default suite -->
</testng-results>
